This file contains any messages produced by compilers while
running configure, to aid debugging if configure makes a mistake.

It was created by auctex configure 12.2, which was
generated by GNU Autoconf 2.69.  Invocation command line was

  $ ./configure --with-emacs=/Applications/Emacs.app/Contents/MacOS/Emacs --with-lispdir=/Applications/Emacs.app/Contents/Resources/site-lisp --with-texmf-dir=/usr/local/texlive/texmf-local

## --------- ##
## Platform. ##
## --------- ##

hostname = macbook.local
uname -m = x86_64
uname -r = 19.0.0
uname -s = Darwin
uname -v = Darwin Kernel Version 19.0.0: Thu Oct 17 16:17:15 PDT 2019; root:xnu-6153.41.3~29/RELEASE_X86_64

/usr/bin/uname -p = i386
/bin/uname -X     = unknown

/bin/arch              = unknown
/usr/bin/arch -k       = unknown
/usr/convex/getsysinfo = unknown
/usr/bin/hostinfo      = Mach kernel version:
	 Darwin Kernel Version 19.0.0: Thu Oct 17 16:17:15 PDT 2019; root:xnu-6153.41.3~29/RELEASE_X86_64
Kernel configured for up to 12 processors.
6 processors are physically available.
12 processors are logically available.
Processor type: x86_64h (Intel x86-64h Haswell)
Processors active: 0 1 2 3 4 5 6 7 8 9 10 11
Primary memory available: 32.00 gigabytes
Default processor set: 624 tasks, 3977 threads, 12 processors
Load average: 3.03, Mach factor: 9.45
/bin/machine           = unknown
/usr/bin/oslevel       = unknown
/bin/universe          = unknown

PATH: /Users/zhou/.jenv/shims
PATH: /Users/zhou/.jenv/bin
PATH: /Users/zhou/.jenv/shims
PATH: /Users/zhou/.jenv/bin
PATH: /anaconda3/bin
PATH: /Users/zhou/anaconda3/bin
PATH: /Library/Frameworks/Python.framework/Versions/3.5/bin
PATH: /Library/Frameworks/Python.framework/Versions/3.5/bin
PATH: /Users/zhou/anaconda3/bin
PATH: /Library/Frameworks/Python.framework/Versions/3.7/bin
PATH: /Users/zhou/.jenv/shims
PATH: /Users/zhou/.jenv/bin
PATH: /Users/zhou/.jenv/shims
PATH: /Users/zhou/.jenv/bin
PATH: /anaconda3/bin
PATH: /Users/zhou/anaconda3/bin
PATH: /Library/Frameworks/Python.framework/Versions/3.5/bin
PATH: /Library/Frameworks/Python.framework/Versions/3.5/bin
PATH: /Users/zhou/anaconda3/bin
PATH: /Library/Frameworks/Python.framework/Versions/3.7/bin
PATH: /usr/local/bin
PATH: /usr/bin
PATH: /bin
PATH: /usr/sbin
PATH: /sbin
PATH: /Library/TeX/texbin
PATH: /opt/X11/bin
PATH: /Library/Frameworks/Mono.framework/Versions/Current/Commands


## ----------- ##
## Core tests. ##
## ----------- ##

configure:1777: checking for make
configure:1793: found /usr/bin/make
configure:1804: result: make
configure:1820: checking whether make sets $(MAKE)
configure:1842: result: yes
configure:1894: checking for a BSD-compatible install
configure:1962: result: /usr/bin/install -c
configure:1975: checking for date with git
configure:1980: result: git not found, checking for date in ChangeLog:
configure:1988: result: 2019-10-30
configure:1991: checking for release with git
configure:2004: result: git not found, checking for release in ChangeLog:
configure:2013: result: 12.2
configure:2022: checking for date with git
configure:2027: result: git not found, checking for date in ChangeLog:
configure:2035: result: 2019-10-30
configure:2038: checking for release with git
configure:2051: result: git not found, checking for release in ChangeLog:
configure:2060: result: 12.2
configure:2089: checking for /Applications/Emacs.app/Contents/MacOS/Emacs
configure:2119: result: /Applications/Emacs.app/Contents/MacOS/Emacs
configure:2138: checking for Emacs prefix
/Applications/Emacs.app/Contents/MacOS/Emacs -batch -no-site-file -eval (let* ((cmd(pop command-line-args-left))(x (condition-case nil (let*
    ((prefix (directory-file-name (file-name-directory (executable-find cmd))))
     (parent (directory-file-name (file-name-directory prefix))))
    (if (string= (file-name-nondirectory prefix) "bin")
        (setq prefix parent)
      (if (string= (file-name-nondirectory parent) "bin")
         (setq prefix (directory-file-name (file-name-directory parent)))))
    prefix) (error NONE)))) (write-region (if (stringp x) x (prin1-to-string x)) nil "./conftest-43937")) /Applications/Emacs.app/Contents/MacOS/Emacs
=> /Applications/Emacs.app/Contents/MacOS
configure:2157: result: "/Applications/Emacs.app/Contents/MacOS"
configure:2162: checking if Emacs is recent enough
/Applications/Emacs.app/Contents/MacOS/Emacs -batch -no-site-file -eval (let* ((x (cond ((< emacs-major-version 24) "no")
			 ((> emacs-major-version 24) "yes")
			 ((< emacs-minor-version 01) "no")
			 (t "yes")))) (write-region (if (stringp x) x (prin1-to-string x)) nil "./conftest-43937"))
=> yes
configure:2176: result: yes
configure:2213: checking if build directory is valid
/Applications/Emacs.app/Contents/MacOS/Emacs -batch -eval (let* ((x (if (or (member (directory-file-name default-directory) load-path)	      (member (file-name-as-directory default-directory) load-path))	 "no" "yes"))) (write-region (if (stringp x) x (prin1-to-string x)) nil "./conftest-43937"))
=> yes
configure:2229: result: yes
configure:2248: checking where lisp files go
configure:2315: result: /Applications/Emacs.app/Contents/Resources/site-lisp
configure:2319: checking what file to use for auctex startup
configure:2346: result: /Applications/Emacs.app/Contents/Resources/site-lisp/auctex.el
configure:2349: checking what file to use for preview startup
configure:2376: result: /Applications/Emacs.app/Contents/Resources/site-lisp/preview-latex.el
configure:2387: checking where the package lisp files go
/Applications/Emacs.app/Contents/MacOS/Emacs -batch -no-site-file -eval (let* ((path(pop command-line-args-left)) (lispdir(pop command-line-args-left)) (startup(pop command-line-args-left)) (target(pop command-line-args-left))(x (progn (setq path (directory-file-name path))
  (if (or target
          (not (string= (car load-path) (directory-file-name (car load-path)))))
    (setq path (file-name-as-directory path)))
  (setq path (expand-file-name path lispdir))
  (setq startupdir (file-name-directory (expand-file-name startup lispdir)))
  (prin1-to-string
    (if (or (string-match "\`\.\."
              (setq relname (file-relative-name startupdir lispdir)))
            (file-name-absolute-p relname)
	    (string-match "\`\.\."
              (setq relname (file-relative-name path lispdir)))
 	    (file-name-absolute-p relname))
	  (concat path target)
	(cond (target
	       `(expand-file-name
                   ,(file-relative-name (concat path target) startupdir)
	           (file-name-directory load-file-name)))
              ((string= path startupdir)
	         '(file-name-directory load-file-name))
	      ((string= path (directory-file-name startupdir))
                 '(directory-file-name (file-name-directory load-file-name)))
              (t
	       `(expand-file-name
                   ,(file-relative-name path startupdir)
	           (file-name-directory load-file-name))))))))) (write-region (if (stringp x) x (prin1-to-string x)) nil "./conftest-43937")) /Applications/Emacs.app/Contents/Resources/site-lisp/auctex /Applications/Emacs.app/Contents/Resources/site-lisp /Applications/Emacs.app/Contents/Resources/site-lisp/tex-site.el
=> (expand-file-name "auctex" (file-name-directory load-file-name))
configure:2468: result: /Applications/Emacs.app/Contents/Resources/site-lisp/auctex
configure:2471: checking where the data files go
/Applications/Emacs.app/Contents/MacOS/Emacs -batch -no-site-file -eval (let* ((path(pop command-line-args-left)) (lispdir(pop command-line-args-left)) (startup(pop command-line-args-left)) (target(pop command-line-args-left))(x (progn (setq path (directory-file-name path))
  (if (or target
          (not (string= (car load-path) (directory-file-name (car load-path)))))
    (setq path (file-name-as-directory path)))
  (setq path (expand-file-name path lispdir))
  (setq startupdir (file-name-directory (expand-file-name startup lispdir)))
  (prin1-to-string
    (if (or (string-match "\`\.\."
              (setq relname (file-relative-name startupdir lispdir)))
            (file-name-absolute-p relname)
	    (string-match "\`\.\."
              (setq relname (file-relative-name path lispdir)))
 	    (file-name-absolute-p relname))
	  (concat path target)
	(cond (target
	       `(expand-file-name
                   ,(file-relative-name (concat path target) startupdir)
	           (file-name-directory load-file-name)))
              ((string= path startupdir)
	         '(file-name-directory load-file-name))
	      ((string= path (directory-file-name startupdir))
                 '(directory-file-name (file-name-directory load-file-name)))
              (t
	       `(expand-file-name
                   ,(file-relative-name path startupdir)
	           (file-name-directory load-file-name))))))))) (write-region (if (stringp x) x (prin1-to-string x)) nil "./conftest-43937")) /Applications/Emacs.app/Contents/Resources/site-lisp/auctex /Applications/Emacs.app/Contents/Resources/site-lisp /Applications/Emacs.app/Contents/Resources/site-lisp/tex-site.el
=> (expand-file-name "auctex" (file-name-directory load-file-name))
configure:2552: result: /Applications/Emacs.app/Contents/Resources/site-lisp/auctex
/Applications/Emacs.app/Contents/MacOS/Emacs -batch -no-site-file -eval (let* ((path(pop command-line-args-left)) (lispdir(pop command-line-args-left)) (startup(pop command-line-args-left)) (target(pop command-line-args-left))(x (progn (setq path (directory-file-name path))
  (if (or target
          (not (string= (car load-path) (directory-file-name (car load-path)))))
    (setq path (file-name-as-directory path)))
  (setq path (expand-file-name path lispdir))
  (setq startupdir (file-name-directory (expand-file-name startup lispdir)))
  (prin1-to-string
    (if (or (string-match "\`\.\."
              (setq relname (file-relative-name startupdir lispdir)))
            (file-name-absolute-p relname)
	    (string-match "\`\.\."
              (setq relname (file-relative-name path lispdir)))
 	    (file-name-absolute-p relname))
	  (concat path target)
	(cond (target
	       `(expand-file-name
                   ,(file-relative-name (concat path target) startupdir)
	           (file-name-directory load-file-name)))
              ((string= path startupdir)
	         '(file-name-directory load-file-name))
	      ((string= path (directory-file-name startupdir))
                 '(directory-file-name (file-name-directory load-file-name)))
              (t
	       `(expand-file-name
                   ,(file-relative-name path startupdir)
	           (file-name-directory load-file-name))))))))) (write-region (if (stringp x) x (prin1-to-string x)) nil "./conftest-43937"))  /Applications/Emacs.app/Contents/Resources/site-lisp /Applications/Emacs.app/Contents/Resources/site-lisp/auctex.el tex-site.el
=> (expand-file-name "tex-site.el" (file-name-directory load-file-name))
configure:2629: checking where the info files go
configure:2631: result: ${datarootdir}/info
configure:2634: checking where automatically generated global style hooks go
configure:2644: result: ${localstatedir}/auctex
/Applications/Emacs.app/Contents/MacOS/Emacs -batch -no-site-file -eval (let* ((path(pop command-line-args-left)) (lispdir(pop command-line-args-left)) (startup(pop command-line-args-left)) (target(pop command-line-args-left))(x (progn (setq path (directory-file-name path))
  (if (or target
          (not (string= (car load-path) (directory-file-name (car load-path)))))
    (setq path (file-name-as-directory path)))
  (setq path (expand-file-name path lispdir))
  (setq startupdir (file-name-directory (expand-file-name startup lispdir)))
  (prin1-to-string
    (if (or (string-match "\`\.\."
              (setq relname (file-relative-name startupdir lispdir)))
            (file-name-absolute-p relname)
	    (string-match "\`\.\."
              (setq relname (file-relative-name path lispdir)))
 	    (file-name-absolute-p relname))
	  (concat path target)
	(cond (target
	       `(expand-file-name
                   ,(file-relative-name (concat path target) startupdir)
	           (file-name-directory load-file-name)))
              ((string= path startupdir)
	         '(file-name-directory load-file-name))
	      ((string= path (directory-file-name startupdir))
                 '(directory-file-name (file-name-directory load-file-name)))
              (t
	       `(expand-file-name
                   ,(file-relative-name path startupdir)
	           (file-name-directory load-file-name))))))))) (write-region (if (stringp x) x (prin1-to-string x)) nil "./conftest-43937")) /usr/local/var/auctex /Applications/Emacs.app/Contents/Resources/site-lisp /Applications/Emacs.app/Contents/Resources/site-lisp/tex-site.el
=> "/usr/local/var/auctex"
configure:2724: checking for tex
configure:2742: found /Library/TeX/texbin/tex
configure:2755: result: /Library/TeX/texbin/tex
configure:2765: checking for pdftex
configure:2783: found /Library/TeX/texbin/pdftex
configure:2796: result: /Library/TeX/texbin/pdftex
configure:2806: checking for dvips
configure:2824: found /Library/TeX/texbin/dvips
configure:2837: result: /Library/TeX/texbin/dvips
configure:2854: checking for gs
configure:2870: found /usr/local/bin/gs
configure:2881: result: gs
/Applications/Emacs.app/Contents/MacOS/Emacs -batch -no-site-file -eval (let* ((dir(pop command-line-args-left))(x (if (member dir (list "NONE" (if (eq system-type 'windows-nt) "GSWIN32C.EXE" "gs"))) "" `(defvar preview-gs-command ,dir)))) (write-region (if (stringp x) x (prin1-to-string x)) nil "./conftest-43937")) gs
=> 
configure:2909: checking for latex
configure:2927: found /Library/TeX/texbin/latex
configure:2940: result: /Library/TeX/texbin/latex
configure:2956: checking for pdflatex
configure:2974: found /Library/TeX/texbin/pdflatex
configure:2986: result: /Library/TeX/texbin/pdflatex
configure:3005: checking for tex
configure:3036: result: /Library/TeX/texbin/tex
configure:3474: checking for texhash
configure:3492: found /Library/TeX/texbin/texhash
configure:3504: result: /Library/TeX/texbin/texhash
configure:3514: checking for initexmf
configure:3541: result: /Library/TeX/texbin/texhash
configure:3600: checking for glaring installation conflicts
/Applications/Emacs.app/Contents/MacOS/Emacs -batch -eval (let* ((packagelispdir(pop command-line-args-left)) (previewstartfile(pop command-line-args-left))(x 
     (concat
       (and (setq tmp (locate-library "preview.elc"))
            (not (string= (file-truename tmp)
                       (file-truename (expand-file-name "preview.elc"
                                         packagelispdir))))
            (format "Conflicting previous installation in `%s' found!
"
                    (file-name-directory tmp)))
       (and (setq tmp (locate-library "preview-latex.el"))
            (not (string= (file-truename tmp)
                          (file-truename previewstartfile)))
            (format "Conflicting previous startup file `%s' found!
" tmp))))) (write-region (if (stringp x) x (prin1-to-string x)) nil "./conftest-43937")) /Applications/Emacs.app/Contents/Resources/site-lisp/auctex /Applications/Emacs.app/Contents/Resources/site-lisp/preview-latex.el
=> 
configure:3662: result: probably none
configure:3722: checking for perl
configure:3740: found /usr/bin/perl
configure:3753: result: /usr/bin/perl
configure:3767: checking for makeinfo
configure:3785: found /usr/local/bin/makeinfo
configure:3798: result: /usr/local/bin/makeinfo
configure:3808: checking for texi2html
configure:3839: result: :
configure:3849: checking for texi2dvi
configure:3867: found /usr/local/bin/texi2dvi
configure:3880: result: /usr/local/bin/texi2dvi
configure:3890: checking for texi2pdf
configure:3908: found /usr/local/bin/texi2pdf
configure:3921: result: /usr/local/bin/texi2pdf
configure:3936: checking for install-info
configure:3954: found /usr/local/bin/install-info
configure:3967: result: /usr/local/bin/install-info
configure:4206: creating ./config.status

## ---------------------- ##
## Running config.status. ##
## ---------------------- ##

This file was extended by auctex config.status 12.2, which was
generated by GNU Autoconf 2.69.  Invocation command line was

  CONFIG_FILES    = 
  CONFIG_HEADERS  = 
  CONFIG_LINKS    = 
  CONFIG_COMMANDS = 
  $ ./config.status 

on macbook.local

config.status:762: creating Makefile
config.status:762: creating tex-site.el.out
config.status:762: creating doc/Makefile
config.status:762: creating auctex.el
config.status:762: creating preview.el
config.status:762: creating latex/Makefile

## ---------------- ##
## Cache variables. ##
## ---------------- ##

ac_cv_env_GS_set=
ac_cv_env_GS_value=
ac_cv_env_INSTALL_INFO_set=
ac_cv_env_INSTALL_INFO_value=
ac_cv_env_MAKEINFO_set=
ac_cv_env_MAKEINFO_value=
ac_cv_env_PERL_set=
ac_cv_env_PERL_value=
ac_cv_env_TEXHASH_set=
ac_cv_env_TEXHASH_value=
ac_cv_env_build_alias_set=
ac_cv_env_build_alias_value=
ac_cv_env_host_alias_set=
ac_cv_env_host_alias_value=
ac_cv_env_target_alias_set=
ac_cv_env_target_alias_value=
ac_cv_path_DVIPS=/Library/TeX/texbin/dvips
ac_cv_path_EMACS=/Applications/Emacs.app/Contents/MacOS/Emacs
ac_cv_path_INSTALL_INFO=/usr/local/bin/install-info
ac_cv_path_LATEX=/Library/TeX/texbin/latex
ac_cv_path_MAKEINFO=/usr/local/bin/makeinfo
ac_cv_path_PDFLATEX=/Library/TeX/texbin/pdflatex
ac_cv_path_PDFTEX=/Library/TeX/texbin/pdftex
ac_cv_path_PERL=/usr/bin/perl
ac_cv_path_TEX=/Library/TeX/texbin/tex
ac_cv_path_TEXHASH=/Library/TeX/texbin/texhash
ac_cv_path_TEXI2DVI=/usr/local/bin/texi2dvi
ac_cv_path_TEXI2HTML=:
ac_cv_path_TEXI2PDF=/usr/local/bin/texi2pdf
ac_cv_path_install='/usr/bin/install -c'
ac_cv_prog_GS=gs
ac_cv_prog_MAKECMD=make
ac_cv_prog_TEXHASH=/Library/TeX/texbin/texhash
ac_cv_prog_make_make_set=yes

## ----------------- ##
## Output variables. ##
## ----------------- ##

AUCTEXDATE='2019-10-30'
AUCTEXVERSION='12.2'
DEFS='-DPACKAGE_NAME=\"auctex\" -DPACKAGE_TARNAME=\"auctex\" -DPACKAGE_VERSION=\"12.2\" -DPACKAGE_STRING=\"auctex\ 12.2\" -DPACKAGE_BUGREPORT=\"bug-auctex@gnu.org\" -DPACKAGE_URL=\"\"'
DVIPS='/Library/TeX/texbin/dvips'
ECHO_C='\c'
ECHO_N=''
ECHO_T=''
EMACS='/Applications/Emacs.app/Contents/MacOS/Emacs'
EMACS_FLAVOR='emacs'
GS='gs'
INSTALL_DATA='${INSTALL} -m 644'
INSTALL_INFO='/usr/local/bin/install-info'
INSTALL_PROGRAM='${INSTALL}'
INSTALL_SCRIPT='${INSTALL}'
LATEX='/Library/TeX/texbin/latex'
LIBOBJS=''
LIBS=''
LTLIBOBJS=''
MAKECMD='make'
MAKEINFO='/usr/local/bin/makeinfo'
PACKAGE_BUGREPORT='bug-auctex@gnu.org'
PACKAGE_NAME='auctex'
PACKAGE_STRING='auctex 12.2'
PACKAGE_TARNAME='auctex'
PACKAGE_URL=''
PACKAGE_VERSION='12.2'
PATH_SEPARATOR=':'
PDFLATEX='/Library/TeX/texbin/pdflatex'
PDFTEX='/Library/TeX/texbin/pdftex'
PERL='/usr/bin/perl'
PLAT_LISP='prv-emacs.el'
PREVIEWDATE='2019-10-30'
PREVIEWVERSION='12.2'
SET_MAKE=''
SHELL='/bin/sh'
TEX='/Library/TeX/texbin/tex'
TEXHASH='/Library/TeX/texbin/texhash'
TEXI2DVI='/usr/local/bin/texi2dvi'
TEXI2HTML=':'
TEXI2PDF='/usr/local/bin/texi2pdf'
TEXMFGEN='preview.sty prauctex.def prauctex.cfg prshowbox.def prshowlabels.def prtracingall.def prtightpage.def prlyx.def prcounters.def prfootnotes.def'
auctexstartfile='/Applications/Emacs.app/Contents/Resources/site-lisp/auctex.el'
autodir='${localstatedir}/auctex'
bindir='${exec_prefix}/bin'
build_alias=''
datadir='${datarootdir}'
datarootdir='${prefix}/share'
docdir='${datarootdir}/doc/${PACKAGE_TARNAME}'
dvidir='${docdir}'
exec_prefix='${prefix}'
host_alias=''
htmldir='${docdir}'
includedir='${prefix}/include'
infodir='${datarootdir}/info'
libdir='${exec_prefix}/lib'
libexecdir='${exec_prefix}/libexec'
lispGS=''
lispautodir='"/usr/local/var/auctex"'
lispdir='/Applications/Emacs.app/Contents/Resources/site-lisp'
lisppackagedatadir='(expand-file-name "auctex" (file-name-directory load-file-name))'
lisppackagelispdir='(expand-file-name "auctex" (file-name-directory load-file-name))'
lisppackagetexstyles=''
lisptexsite='(expand-file-name "tex-site.el" (file-name-directory load-file-name))'
localedir='${datarootdir}/locale'
localstatedir='${prefix}/var'
mandir='${datarootdir}/man'
oldincludedir='/usr/include'
packagedatadir='/Applications/Emacs.app/Contents/Resources/site-lisp/auctex'
packagelispdir='/Applications/Emacs.app/Contents/Resources/site-lisp/auctex'
packagetexstyles=''
pdfdir='${docdir}'
prefix='/usr/local'
preview_enabled='yes'
previewdocdir='/usr/local/texlive/texmf-local/doc/latex/styles'
previewstartfile='/Applications/Emacs.app/Contents/Resources/site-lisp/preview-latex.el'
previewtexmfdir='/usr/local/texlive/texmf-local/tex/latex/preview'
program_transform_name='s,x,x,'
psdir='${docdir}'
sbindir='${exec_prefix}/sbin'
sharedstatedir='${prefix}/com'
sysconfdir='${prefix}/etc'
target_alias=''
texmfdir='/usr/local/texlive/texmf-local'
texsite=''

## ----------- ##
## confdefs.h. ##
## ----------- ##

/* confdefs.h */
#define PACKAGE_NAME "auctex"
#define PACKAGE_TARNAME "auctex"
#define PACKAGE_VERSION "12.2"
#define PACKAGE_STRING "auctex 12.2"
#define PACKAGE_BUGREPORT "bug-auctex@gnu.org"
#define PACKAGE_URL ""

configure: exit 0
